<?xml version="1.0" encoding="UTF-8"?>
<testng-results skipped="0" failed="0" ignored="0" total="1" passed="1">
  <reporter-output>
  </reporter-output>
  <suite name="Default suite" duration-ms="3559" started-at="2022-09-25T17:21:49Z" finished-at="2022-09-25T17:21:53Z">
    <groups>
    </groups>
    <test name="Default test" duration-ms="3559" started-at="2022-09-25T17:21:49Z" finished-at="2022-09-25T17:21:53Z">
      <class name="com.smarttechqa.BaseClass">
        <test-method status="PASS" signature="setUp()[pri:0, instance:com.smarttechqa.BaseClass@31f9b85e]" name="setUp" is-config="true" duration-ms="2223" started-at="2022-09-25T17:21:49Z" finished-at="2022-09-25T17:21:52Z">
          <reporter-output>
          </reporter-output>
        </test-method> <!-- setUp -->
        <test-method status="PASS" signature="Validaation()[pri:0, instance:com.smarttechqa.BaseClass@31f9b85e]" name="Validaation" duration-ms="691" started-at="2022-09-25T17:21:52Z" finished-at="2022-09-25T17:21:52Z">
          <reporter-output>
          </reporter-output>
        </test-method> <!-- Validaation -->
        <test-method status="PASS" signature="TearDown()[pri:0, instance:com.smarttechqa.BaseClass@31f9b85e]" name="TearDown" is-config="true" duration-ms="623" started-at="2022-09-25T17:21:52Z" finished-at="2022-09-25T17:21:53Z">
          <reporter-output>
          </reporter-output>
        </test-method> <!-- TearDown -->
      </class> <!-- com.smarttechqa.BaseClass -->
    </test> <!-- Default test -->
  </suite> <!-- Default suite -->
</testng-results>
